<?xml version="1.0" encoding="UTF-8"?>
<!-- Generated by org.testng.reporters.JUnitXMLReporter -->
<testsuite ignored="0" hostname="Shlomi-Desktop" failures="0" tests="6" name="Zip up footer" time="14.867" errors="0" timestamp="2020-10-25T22:23:36 IST">
  <testcase classname="tests.MainRunner" name="OpenSite" time="0.821"/>
  <testcase classname="tests.MainRunner" name="plusTest" time="2.863"/>
  <testcase classname="tests.MainRunner" name="subtractTest" time="1.442"/>
  <testcase classname="tests.MainRunner" name="multiplicationTest" time="1.588"/>
  <testcase classname="tests.MainRunner" name="sinusTest" time="1.372"/>
  <testcase classname="tests.MainRunner" name="historyValidationTest" time="0.242"/>
</testsuite> <!-- Zip up footer -->
