<?xml version="1.0" encoding="UTF-8"?>
<testng-results ignored="0" total="6" passed="6" failed="0" skipped="0">
  <reporter-output>
  </reporter-output>
  <suite started-at="2020-10-25T22:23:21 IST" name="Suite" finished-at="2020-10-25T22:23:36 IST" duration-ms="14867">
    <groups>
      <group name="subtract test">
        <method signature="MainRunner.subtractTest()[pri:3, instance:tests.MainRunner@229d10bd]" name="subtractTest" class="tests.MainRunner"/>
      </group> <!-- subtract test -->
      <group name="multiplication test">
        <method signature="MainRunner.multiplicationTest()[pri:4, instance:tests.MainRunner@229d10bd]" name="multiplicationTest" class="tests.MainRunner"/>
      </group> <!-- multiplication test -->
      <group name="Open Web Site test">
        <method signature="MainRunner.OpenSite()[pri:1, instance:tests.MainRunner@229d10bd]" name="OpenSite" class="tests.MainRunner"/>
      </group> <!-- Open Web Site test -->
      <group name="plus test">
        <method signature="MainRunner.plusTest()[pri:2, instance:tests.MainRunner@229d10bd]" name="plusTest" class="tests.MainRunner"/>
      </group> <!-- plus test -->
      <group name="history test">
        <method signature="MainRunner.historyValidationTest()[pri:6, instance:tests.MainRunner@229d10bd]" name="historyValidationTest" class="tests.MainRunner"/>
      </group> <!-- history test -->
      <group name="sinus test">
        <method signature="MainRunner.sinusTest()[pri:5, instance:tests.MainRunner@229d10bd]" name="sinusTest" class="tests.MainRunner"/>
      </group> <!-- sinus test -->
    </groups>
    <test started-at="2020-10-25T22:23:21 IST" name="Zip up footer" finished-at="2020-10-25T22:23:36 IST" duration-ms="14867">
      <class name="tests.MainRunner">
        <test-method is-config="true" signature="setup(java.lang.String)[pri:0, instance:tests.MainRunner@229d10bd]" started-at="2020-10-25T22:23:21 IST" name="setup" finished-at="2020-10-25T22:23:27 IST" duration-ms="5772" status="PASS">
          <params>
            <param index="0">
              <value>
                <![CDATA[chrome]]>
              </value>
            </param>
          </params>
          <reporter-output>
          </reporter-output>
        </test-method> <!-- setup -->
        <test-method signature="OpenSite()[pri:1, instance:tests.MainRunner@229d10bd]" started-at="2020-10-25T22:23:27 IST" name="OpenSite" description="Open the web site test" finished-at="2020-10-25T22:23:28 IST" duration-ms="821" status="PASS">
          <reporter-output>
          </reporter-output>
        </test-method> <!-- OpenSite -->
        <test-method signature="plusTest()[pri:2, instance:tests.MainRunner@229d10bd]" started-at="2020-10-25T22:23:28 IST" name="plusTest" description="test the plus function" finished-at="2020-10-25T22:23:31 IST" duration-ms="2863" status="PASS">
          <reporter-output>
          </reporter-output>
        </test-method> <!-- plusTest -->
        <test-method signature="subtractTest()[pri:3, instance:tests.MainRunner@229d10bd]" started-at="2020-10-25T22:23:31 IST" name="subtractTest" description="test the subtract function" finished-at="2020-10-25T22:23:32 IST" duration-ms="1442" status="PASS">
          <reporter-output>
          </reporter-output>
        </test-method> <!-- subtractTest -->
        <test-method signature="multiplicationTest()[pri:4, instance:tests.MainRunner@229d10bd]" started-at="2020-10-25T22:23:32 IST" name="multiplicationTest" description="test the multiplication function" finished-at="2020-10-25T22:23:34 IST" duration-ms="1588" status="PASS">
          <reporter-output>
          </reporter-output>
        </test-method> <!-- multiplicationTest -->
        <test-method signature="sinusTest()[pri:5, instance:tests.MainRunner@229d10bd]" started-at="2020-10-25T22:23:34 IST" name="sinusTest" description="test the sinus function" finished-at="2020-10-25T22:23:35 IST" duration-ms="1372" status="PASS">
          <reporter-output>
          </reporter-output>
        </test-method> <!-- sinusTest -->
        <test-method signature="historyValidationTest()[pri:6, instance:tests.MainRunner@229d10bd]" started-at="2020-10-25T22:23:35 IST" name="historyValidationTest" description="test the history" finished-at="2020-10-25T22:23:35 IST" duration-ms="242" status="PASS">
          <reporter-output>
          </reporter-output>
        </test-method> <!-- historyValidationTest -->
        <test-method is-config="true" signature="close()[pri:0, instance:tests.MainRunner@229d10bd]" started-at="2020-10-25T22:23:35 IST" name="close" finished-at="2020-10-25T22:23:36 IST" duration-ms="633" status="PASS">
          <reporter-output>
          </reporter-output>
        </test-method> <!-- close -->
      </class> <!-- tests.MainRunner -->
    </test> <!-- Zip up footer -->
  </suite> <!-- Suite -->
</testng-results>
